Build started 06.06.2017 20:33:18.
     1>Project "C:\Users\Юзверь\Desktop\Labs3LVLpack\TheMatrix\TheMatrix\TheMatrix.vcxproj" on node 2 (Build target(s)).
     1>ClCompile:
         D:\Program files\VS12\VC\bin\CL.exe /c /ZI /nologo /W3 /WX- /Od /Oy- /D _MBCS /Gm /EHsc /RTC1 /MDd /GS /fp:precise /Zc:wchar_t /Zc:forScope /Fo"Debug\\" /Fd"Debug\vc110.pdb" /Gd /TP /analyze- /errorReport:prompt ..\src\main.cpp
         main.cpp
     1>c:\users\юзверь\desktop\labs3lvlpack\thematrix\src\tmatrix.h(162): warning C4244: 'return' : conversion from 'float' to 'int', possible loss of data
                 c:\users\юзверь\desktop\labs3lvlpack\thematrix\src\tmatrix.h(152) : while compiling class template member function 'int TMatrix<T>::Sum(void)'
                 with
                 [
                     T=float
                 ]
                 c:\users\юзверь\desktop\labs3lvlpack\thematrix\src\main.cpp(39) : see reference to function template instantiation 'int TMatrix<T>::Sum(void)' being compiled
                 with
                 [
                     T=float
                 ]
                 c:\users\юзверь\desktop\labs3lvlpack\thematrix\src\main.cpp(13) : see reference to class template instantiation 'TMatrix<T>' being compiled
                 with
                 [
                     T=float
                 ]
       Link:
         D:\Program files\VS12\VC\bin\link.exe /ERRORREPORT:PROMPT /OUT:"C:\Users\Юзверь\Desktop\Labs3LVLpack\TheMatrix\Debug\TheMatrix.exe" /INCREMENTAL /NOLOGO kernel32.lib user32.lib gdi32.lib winspool.lib comdlg32.lib advapi32.lib shell32.lib ole32.lib oleaut32.lib uuid.lib odbc32.lib odbccp32.lib /MANIFEST /MANIFESTUAC:"level='asInvoker' uiAccess='false'" /manifest:embed /DEBUG /PDB:"C:\Users\Юзверь\Desktop\Labs3LVLpack\TheMatrix\Debug\TheMatrix.pdb" /TLBID:1 /DYNAMICBASE /NXCOMPAT /IMPLIB:"C:\Users\Юзверь\Desktop\Labs3LVLpack\TheMatrix\Debug\TheMatrix.lib" /MACHINE:X86 Debug\main.obj
         TheMatrix.vcxproj -> C:\Users\Юзверь\Desktop\Labs3LVLpack\TheMatrix\Debug\TheMatrix.exe
     1>Done Building Project "C:\Users\Юзверь\Desktop\Labs3LVLpack\TheMatrix\TheMatrix\TheMatrix.vcxproj" (Build target(s)).

Build succeeded.

Time Elapsed 00:00:01.28
